<?xml version="1.0" encoding="utf-8"?>
<TEI xmlns="http://www.tei-c.org/ns/1.0">
  <teiHeader>
    <fileDesc>
      <titleStmt>
        <title type="main">Tree test</title>
        <author>Giles Bergel</author>
      </titleStmt>
      <publicationStmt>
        <p>Stylesheets test file</p>
      </publicationStmt>
      <sourceDesc>
        <p>Transcribed by GB.</p>
      </sourceDesc>
    </fileDesc>
  </teiHeader>
  <text>
    <body>
      <p>Oh!  But he was a tight-fisted hand at the grindstone, Scrooge!  a
squeezing, wrenching, grasping, scraping, clutching, covetous old
sinner!  Hard and sharp as flint, from which no steel had ever struck
out generous fire; secret, and self-contained, and solitary as an
oyster.  The cold within him froze his old features, nipped his pointed
nose, shrivelled his cheek, stiffened his gait; made his eyes red, his
<figure>
  <forest><eTree><label>Lionel</label><eTree><label
synch="#philip">Wendy</label></eTree></eTree>
<eTree><label>Frederick</label><eTree><label xml:id="philip">Philip</label><eTree><label>Sebastian</label><eLeaf><label>Matilde</label></eLeaf><eLeaf><label>InÃªs</label></eLeaf></eTree><eLeaf><label>David</label></eLeaf><eLeaf><label>Diana</label></eLeaf><eLeaf><label>Nicholas</label></eLeaf><eLeaf><label>Gentian</label></eLeaf></eTree></eTree></forest>
</figure>

thin lips blue; and spoke out shrewdly in his grating voice.  A frosty
rime was on his head, and on his eyebrows, and his wiry chin. He <pb n="4"/>
 carried his own low temperature always about with him; he iced
his office in the dog-days; and didn't thaw it one degree at
Christmas.</p>
      
      <p>
        <figure>
          <forest>
            <eTree>
              <label xml:id="dummy">Dummy</label>
              <eLeaf>
                <label>Dummy son</label>
              </eLeaf>
              <eTree>
                <label>Dummy daughter</label>
                <eTree>
                  <label>Dummy 3rd level</label>
                </eTree>
              </eTree>
            </eTree>
            <eTree>
              <label synch="#dummy">Richardus</label>
              <eTree>
                <label>Hugo fil. Richardi, cognomis<lb/>atus de Hatton.</label>
                <eTree>
                  <label>Will. Fil. Hugonis<lb/> - Matilda</label>
                  <eLeaf>
                    <label>Ric. cognom.<lb/>de Saunford<lb/>obiit s. prole</label>
                  </eLeaf>
                  <eLeaf>
                    <label>Hugo fil. Willi<lb/>elmi 3. Ioh.<lb/>obiit s. prole - Hawisia de Tracy</label>
                  </eLeaf>
                  <eTree>
                    <label>Matilda<lb/>ux Steph.<lb/>de Ner.<lb/>bon</label>
                    <eTree>
                      <label>Marge<lb/>ria de Stichivale 36. H. 3</label>
                      <eTree>
                        <label>Ranulphus de<lb/>Stivichale fil.&amp;<lb/>haeres</label>
                        <eLeaf>
                          <label>Ioelinus de Stivichale</label>
                        </eLeaf>
                      </eTree>
                    </eTree>
                  </eTree>
                  <eTree>
                    <label>Margeria ux. Osberti de Clinton</label>
                    <eTree>
                      <label>Osbertus<lb/>de Clinton</label>
                      <eTree>
                        <label>Thomas de Clin<lb/>ton miles</label>
                        <eLeaf>
                          <label>Jacobus<lb/>de Clinton</label>
                        </eLeaf>
                        <eLeaf>
                          <label>Osbertus</label>
                        </eLeaf>
                        <eLeaf>
                          <label>Iohannes<lb/>de Clinton</label>
                        </eLeaf>
                        <eLeaf>
                          <label>Thomas<lb/>de Clinton</label>
                        </eLeaf>
                      </eTree>
                    </eTree>
                  </eTree>
                </eTree>
                <eLeaf>
                  <label>Joscelinus fil.<lb/>Hugonis</label>
                </eLeaf>
              </eTree>
            </eTree>
          </forest>
          
        </figure>
      </p>
      
      
      <p>External heat and cold had little influence on Scrooge. No warmth
could warm, no wintry weather chill him.  No wind that blew was
bitterer than he, no falling snow was more intent upon its purpose, no
pelting rain less open to entreaty. Foul weather didn't know where to
have him.  The heaviest rain, and snow, and hail, and sleet, could
boast of the advantage over him in only one respect.  They often
<soCalled>came down</soCalled> handsomely, and Scrooge never did.

</p>
      <eTree>
        <label>Galfridus Salvagius 5 H 2 - Leticia Filia Henr. de Ardern</label>
        <eLeaf>
          <label>Helias</label>
        </eLeaf>
        <eTree>
          <label>Galfr. Salvagius 2 R. 1. 5. H. 3.</label>
          <eTree>
            <label>Galfr. Salvagius 6 H. 3. defunctus 15 H. 3. - Petronilla filia Hug. le Despenser</label>
            <eLeaf>
              <label>Rob.</label>
            </eLeaf>
            <eLeaf>
              <label>Will. frater &amp; haeres Galfr. Rector Eccl. de Neuton; defunctus 43 H. 3.</label>
            </eLeaf>
            <eLeaf>
              <label>Galfr. Salvagius, defunctus 32 H. 3. s. prole.</label>
            </eLeaf>
            <eTree>
              <label>Lucia ux. Thomae de Ednesoure</label>
              <eTree>
                <label>Iohanna ux. Ric. de Herthull</label>
                <eTree>
                  <label>Adam de Herthul fi. &amp; haeres defunctus 13. E. 1</label>
                  <eTree>
                    <label>Ric. de Herthull miles obiit 18. E. 2</label>
                    <eLeaf>
                      <label>Ric. de Herthull 15 E. 2</label>
                    </eLeaf>
                    <eTree>
                      <label>Adam de Herthull miles, defunctus 11 E. 3.</label>
                      <eTree>
                        <label>Maria filia notha Thomae de Bellocampo Comitis Warwici, postea nupta Othoni Worthington. 16 R 2. - Ric. de Herthull miles, defunctus 13 R. 2 - Alicia filia Egidii de Astley militis, ux. prima.</label>
                        <eLeaf>
                          <label>Adam de Herthull, obiit, vivo patre s. prole</label>
                        </eLeaf>
                        <eTree>
                          <label>Egid. de Herthull obiit vivo patre - Kath. filia Ioh. Walsh.</label>
                          <eLeaf>
                            <label>Will. de Herthull consangu &amp; haeres ric. de Herthull mil. aet. 10. an. 13 R. 2. obiit s. prole 3 H 4.</label>
                          </eLeaf>
                        </eTree>
                        <eTree>
                          <label>Eliz. amita &amp; haeres Will. De Herthull, 1. nupta Edm. Cokeyn ar. 2. Ioh. Franceis de Ingelby</label>
                          <eLeaf>
                            <label>Ioh. Cokeyn miles</label>
                          </eLeaf>
                        </eTree>
                      </eTree>
                    </eTree>
                  </eTree>
                </eTree>
              </eTree>
              <eLeaf>
                <label>Amicia soror &amp; cohaeres, 1, nupta Walt. de Miriden, 2 .. de Derley, obiit s. prole</label>
              </eLeaf>
              <eLeaf>
                <label>Tho. de Ednesoure 1. hae du Wil. le Sauvage 43 H. 3. obiit 13 E. 1. s. prole</label>
              </eLeaf>
            </eTree>
            <eTree>
              <label>Phillipa ux. Hug. Menill 43 H. 3</label>
              <eTree>
                <label>Gulielmus de Menill</label>
                <eTree>
                  <label>Hugo de Meinill 7 E. 2.- Iohanna primogenita filiaru &amp; haeredum Roberti de la Ward.</label>
                  <eLeaf>
                    <label>Ric de Meinill 39 E. 3</label>
                  </eLeaf>
                </eTree>
              </eTree>
            </eTree>
          </eTree>
        </eTree>
      </eTree>
      <div>
        <head>Examples from TEI guidelines</head>
        <egXML xmlns="http://www.tei-c.org/ns/Examples">
          <eTree n="ex1">
            <label>PP</label>
            <eTree>
              <label>P</label>
              <eLeaf>
                <label>with</label>
              </eLeaf>
            </eTree>
            <eTree>
              <label>NP</label>
              <eTree>
                <label>Art</label>
                <eLeaf>
                  <label>the</label>
                </eLeaf>
              </eTree>
              <eTree>
                <label>N</label>
                <eLeaf>
                  <label>periscope</label>
                </eLeaf>
              </eTree>
            </eTree>
          </eTree>
        </egXML>
        <eTree n="ex1">
          <label>PP</label>
          <eTree>
            <label>P</label>
            <eLeaf>
              <label>with</label>
            </eLeaf>
          </eTree>
          <eTree>
            <label>NP</label>
            <eTree>
              <label>Art</label>
              <eLeaf>
                <label>the</label>
              </eLeaf>
            </eTree>
            <eTree>
              <label>N</label>
              <eLeaf>
                <label>periscope</label>
              </eLeaf>
            </eTree>
          </eTree>
        </eTree>
        <egXML xmlns="http://www.tei-c.org/ns/Examples">
          <eTree n="ex3">
            <label>VP</label>
            <eTree>
              <label>V</label>
              <eLeaf>
                <label>see</label>
              </eLeaf>
            </eTree>
            <eTree>
              <label>NP</label>
              <eTree>
                <label>Art</label>
                <eLeaf>
                  <label>the</label>
                </eLeaf>
              </eTree>
              <eTree>
                <label>N</label>
                <eLeaf>
                  <label>vessel</label>
                </eLeaf>
              </eTree>
              <eTree xml:id="GD-PPA" exclude="#GD-PPB">
                <label>PP</label>
                <eTree>
                  <label>P</label>
                  <eLeaf>
                    <label>with</label>
                  </eLeaf>
                </eTree>
                <eTree>
                  <label>NP</label>
                  <eTree>
                    <label>Art</label>
                    <eLeaf>
                      <label>the</label>
                    </eLeaf>
                  </eTree>
                  <eTree>
                    <label>N</label>
                    <eLeaf>
                      <label>periscope</label>
                    </eLeaf>
                  </eTree>
                </eTree>
              </eTree>
            </eTree>
            <eTree xml:id="GD-PPB" copyOf="#GD-PPA" exclude="#GD-PPA">
              <label>PP</label>
            </eTree>
          </eTree>
        </egXML>
        <eTree n="ex3">
          <label>VP</label>
          <eTree>
            <label>V</label>
            <eLeaf>
              <label>see</label>
            </eLeaf>
          </eTree>
          <eTree>
            <label>NP</label>
            <eTree>
              <label>Art</label>
              <eLeaf>
                <label>the</label>
              </eLeaf>
            </eTree>
            <eTree>
              <label>N</label>
              <eLeaf>
                <label>vessel</label>
              </eLeaf>
            </eTree>
            <eTree xml:id="GD-PPA" exclude="#GD-PPB">
              <label>PP</label>
              <eTree>
                <label>P</label>
                <eLeaf>
                  <label>with</label>
                </eLeaf>
              </eTree>
              <eTree>
                <label>NP</label>
                <eTree>
                  <label>Art</label>
                  <eLeaf>
                    <label>the</label>
                  </eLeaf>
                </eTree>
                <eTree>
                  <label>N</label>
                  <eLeaf>
                    <label>periscope</label>
                  </eLeaf>
                </eTree>
              </eTree>
            </eTree>
          </eTree>
          <eTree xml:id="GD-PPB" copyOf="#GD-PPA" exclude="#GD-PPA">
            <label>PP</label>
          </eTree>
        </eTree>
        <egXML xmlns="http://www.tei-c.org/ns/Examples">
          <eTree n="ex4">
            <label>VP</label>
            <eTree xml:id="VBARA" exclude="#VBARB">
              <label>V'</label>
              <eTree xml:id="VA">
                <label>V</label>
                <eLeaf>
                  <label>see</label>
                </eLeaf>
              </eTree>
              <eTree>
                <label>NP</label>
                <eTree xml:id="SPEC1A">
                  <label>Spec</label>
                  <eLeaf>
                    <label>the</label>
                  </eLeaf>
                </eTree>
                <eTree>
                  <label>N'</label>
                  <eTree xml:id="NBAR2A">
                    <label>N'</label>
                    <eTree>
                      <label>N</label>
                      <eLeaf>
                        <label>vessel</label>
                      </eLeaf>
                    </eTree>
                  </eTree>
                  <eTree xml:id="PPA1">
                    <label>PP</label>
                    <eTree>
                      <label>P</label>
                      <eLeaf>
                        <label>with</label>
                      </eLeaf>
                    </eTree>
                    <eTree>
                      <label>NP</label>
                      <eTree>
                        <label>Spec</label>
                        <eLeaf>
                          <label>the</label>
                        </eLeaf>
                      </eTree>
                      <eTree>
                        <label>N'</label>
                        <eTree>
                          <label>N</label>
                          <eLeaf>
                            <label>periscope</label>
                          </eLeaf>
                        </eTree>
                      </eTree>
                    </eTree>
                  </eTree>
                </eTree>
              </eTree>
            </eTree>
            <eTree xml:id="VBARB" exclude="#VBARA">
              <label>V'</label>
              <eTree>
                <label>V'</label>
                <eTree xml:id="VB" copyOf="#VA">
                  <label>V</label>
                </eTree>
                <eTree>
                  <label>NP</label>
                  <eTree xml:id="SPEC1B" copyOf="#SPEC1A">
                    <label>Spec</label>
                  </eTree>
                  <eTree xml:id="NBAR2B" copyOf="#NBAR2A">
                    <label>N'</label>
                  </eTree>
                </eTree>
              </eTree>
              <eTree xml:id="PPB" copyOf="#PPA1">
                <label>PP</label>
              </eTree>
            </eTree>
          </eTree>
        </egXML>
        <eTree n="ex4">
          <label>VP</label>
          <eTree xml:id="VBARA" exclude="#VBARB">
            <label>V'</label>
            <eTree xml:id="VA">
              <label>V</label>
              <eLeaf>
                <label>see</label>
              </eLeaf>
            </eTree>
            <eTree>
              <label>NP</label>
              <eTree xml:id="SPEC1A">
                <label>Spec</label>
                <eLeaf>
                  <label>the</label>
                </eLeaf>
              </eTree>
              <eTree>
                <label>N'</label>
                <eTree xml:id="NBAR2A">
                  <label>N'</label>
                  <eTree>
                    <label>N</label>
                    <eLeaf>
                      <label>vessel</label>
                    </eLeaf>
                  </eTree>
                </eTree>
                <eTree xml:id="PPA1">
                  <label>PP</label>
                  <eTree>
                    <label>P</label>
                    <eLeaf>
                      <label>with</label>
                    </eLeaf>
                  </eTree>
                  <eTree>
                    <label>NP</label>
                    <eTree>
                      <label>Spec</label>
                      <eLeaf>
                        <label>the</label>
                      </eLeaf>
                    </eTree>
                    <eTree>
                      <label>N'</label>
                      <eTree>
                        <label>N</label>
                        <eLeaf>
                          <label>periscope</label>
                        </eLeaf>
                      </eTree>
                    </eTree>
                  </eTree>
                </eTree>
              </eTree>
            </eTree>
          </eTree>
          <eTree xml:id="VBARB" exclude="#VBARA">
            <label>V'</label>
            <eTree>
              <label>V'</label>
              <eTree xml:id="VB" copyOf="#VA">
                <label>V</label>
              </eTree>
              <eTree>
                <label>NP</label>
                <eTree xml:id="SPEC1B" copyOf="#SPEC1A">
                  <label>Spec</label>
                </eTree>
                <eTree xml:id="NBAR2B" copyOf="#NBAR2A">
                  <label>N'</label>
                </eTree>
              </eTree>
            </eTree>
            <eTree xml:id="PPB" copyOf="#PPA1">
              <label>PP</label>
            </eTree>
          </eTree>
        </eTree>
        <egXML xmlns="http://www.tei-c.org/ns/Examples">
          <forest n="ex5" type="derivation-syntactic">
            <eTree n="Stage 1" xml:id="S1SBAR">
              <label>S'</label>
              <eTree xml:id="S1COMP">
                <label>COMP</label>
                <eLeaf xml:id="S1E">
                  <label>e</label>
                </eLeaf>
              </eTree>
              <eTree xml:id="S1S">
                <label>S</label>
                <eTree xml:id="S1NP1">
                  <label>NP</label>
                  <eLeaf>
                    <label>you</label>
                  </eLeaf>
                </eTree>
                <eTree xml:id="S1VP">
                  <label>VP</label>
                  <eTree xml:id="S1V">
                    <label>V</label>
                    <eLeaf>
                      <label>do</label>
                    </eLeaf>
                  </eTree>
                  <eTree xml:id="S1NP2">
                    <label>NP</label>
                    <eLeaf xml:id="S1WH">
                      <label>what</label>
                    </eLeaf>
                  </eTree>
                </eTree>
              </eTree>
            </eTree>
            <eTree n="Stage 2" xml:id="S2SBAR" corresp="#S1SBAR">
              <label>S'</label>
              <eTree xml:id="S2COMP" corresp="#S1COMP">
                <label>COMP</label>
                <eTree copyOf="#S1NP2" corresp="#S1E">
                  <label>NP</label>
                </eTree>
              </eTree>
              <eTree xml:id="S2S" corresp="#S1S">
                <label>S</label>
                <eTree xml:id="S2NP1" copyOf="#S1NP1">
                  <label>NP</label>
                </eTree>
                <eTree xml:id="S2VP" corresp="#S1VP">
                  <label>VP</label>
                  <eTree xml:id="S2V" copyOf="#S1V">
                    <label>V</label>
                  </eTree>
                  <eTree xml:id="S2NP2" corresp="#S1NP2">
                    <label>NP</label>
                    <eLeaf corresp="#S1WH">
                      <label>t</label>
                    </eLeaf>
                  </eTree>
                </eTree>
              </eTree>
            </eTree>
          </forest>
        </egXML>
        <forest n="ex5" type="derivation-syntactic">
          <eTree n="Stage 1" xml:id="S1SBAR">
            <label>S'</label>
            <eTree xml:id="S1COMP">
              <label>COMP</label>
              <eLeaf xml:id="S1E">
                <label>e</label>
              </eLeaf>
            </eTree>
            <eTree xml:id="S1S">
              <label>S</label>
              <eTree xml:id="S1NP1">
                <label>NP</label>
                <eLeaf>
                  <label>you</label>
                </eLeaf>
              </eTree>
              <eTree xml:id="S1VP">
                <label>VP</label>
                <eTree xml:id="S1V">
                  <label>V</label>
                  <eLeaf>
                    <label>do</label>
                  </eLeaf>
                </eTree>
                <eTree xml:id="S1NP2">
                  <label>NP</label>
                  <eLeaf xml:id="S1WH">
                    <label>what</label>
                  </eLeaf>
                </eTree>
              </eTree>
            </eTree>
          </eTree>
          <eTree n="Stage 2" xml:id="S2SBAR" corresp="#S1SBAR">
            <label>S'</label>
            <eTree xml:id="S2COMP" corresp="#S1COMP">
              <label>COMP</label>
              <eTree copyOf="#S1NP2" corresp="#S1E">
                <label>NP</label>
              </eTree>
            </eTree>
            <eTree xml:id="S2S" corresp="#S1S">
              <label>S</label>
              <eTree xml:id="S2NP1" copyOf="#S1NP1">
                <label>NP</label>
              </eTree>
              <eTree xml:id="S2VP" corresp="#S1VP">
                <label>VP</label>
                <eTree xml:id="S2V" copyOf="#S1V">
                  <label>V</label>
                </eTree>
                <eTree xml:id="S2NP2" corresp="#S1NP2">
                  <label>NP</label>
                  <eLeaf corresp="#S1WH">
                    <label>t</label>
                  </eLeaf>
                </eTree>
              </eTree>
            </eTree>
          </eTree>
        </forest>
        <egXML xmlns="http://www.tei-c.org/ns/Examples">
          <eTree type="hypothetical">
            <label>Î´</label>
            <eLeaf type="extant">
              <label>L</label>
            </eLeaf>
            <eLeaf type="lost">
              <label>t</label>
            </eLeaf>
          </eTree>
        </egXML>
        <eTree type="hypothetical">
          <label>Î´</label>
          <eLeaf type="extant">
            <label>L</label>
          </eLeaf>
          <eLeaf type="lost">
            <label>t</label>
          </eLeaf>
        </eTree>
        <egXML xmlns="http://www.tei-c.org/ns/Examples">
          <eTree type="hypothetical">
            <label>Î±</label>
            <eTree type="hypothetical">
              <label>Î²</label>
              <eTree type="hypothetical">
                <label>Î´</label>
                <eLeaf type="extant">
                  <label>L</label>
                </eLeaf>
                <eLeaf type="lost">
                  <label>t</label>
                </eLeaf>
              </eTree>
              <eTree type="hypothetical">
                <label>Îµ</label>
                <eLeaf type="extant">
                  <label>R</label>
                </eLeaf>
                <eLeaf type="extant">
                  <label>A</label>
                  <ptr type="contamination" target="#gamma"/>
                </eLeaf>
              </eTree>
            </eTree>
            <eTree xml:id="gamma" type="hypothetical">
              <label>Î³</label>
              <eLeaf type="extant">
                <label>I</label>
              </eLeaf>
              <eLeaf type="extant">
                <label>X</label>
              </eLeaf>
            </eTree>
          </eTree>
        </egXML>
        <eTree type="hypothetical">
          <label>Î±</label>
          <eTree type="hypothetical">
            <label>Î²</label>
            <eTree type="hypothetical">
              <label>Î´</label>
              <eLeaf type="extant">
                <label>L</label>
              </eLeaf>
              <eLeaf type="lost">
                <label>t</label>
              </eLeaf>
            </eTree>
            <eTree type="hypothetical">
              <label>Îµ</label>
              <eLeaf type="extant">
                <label>R</label>
              </eLeaf>
              <eLeaf type="extant">
                <label>A</label>
                <ptr type="contamination" target="#gamma"/>
              </eLeaf>
            </eTree>
          </eTree>
          <eTree xml:id="gamma" type="hypothetical">
            <label>Î³</label>
            <eLeaf type="extant">
              <label>I</label>
            </eLeaf>
            <eLeaf type="extant">
              <label>X</label>
            </eLeaf>
          </eTree>
        </eTree>
      </div>
      <div>
        <p>
          <figure>
            <forest>
              <eTree>
                <label>Ivo de Alspath</label>
                <eTree>
                  <label>Gerardus de Alspath</label>
                  <eTree>
                    <label>Gerardus de Alspath. 41 H. 3. </label>
                    <eTree>
                      <label>Matilda filia Osberti de Clinton. 27 E. 1 </label>
                      <eTree>
                        <label>Ioh. de Alspath </label>
                        <eTree>
                          <label>Will. Cocks 50 E. 3 - Margeria 50 E. 3. </label>
                        </eTree>
                      </eTree>
                    </eTree>
                  </eTree>
                </eTree>
              </eTree>
              <eTree>
                <label>Walt. dominus de Alspath</label>
                <eTree>
                  <label>Will. de Alspath 32 E. 1 - Annora 9 E 2</label>
                  <eTree>
                    <label>Gerardus de Alspath 27 E. 1 - Annabella</label>
                    <eTree>
                      <label>Gerardus de Alspath 8 E. 2</label>
                      <eTree>
                        <label>Gebon. Armamentarius Regi E.3</label>
                        <eTree>
                          <label>Margareta </label>
                        </eTree>
                        <eTree>
                          <label>Isab.</label>
                        </eTree>
                        <eTree>
                          <label>Margeria</label>
                        </eTree>
                        <eTree>
                          <label>Annora- filia, &amp; haeres - Radulfus Peche secundus maritus</label>
                          <eTree>
                            <label>Ioh. Peche</label>
                            <eTree>
                              <label>Ioh. Peche. </label>
                            </eTree>
                          </eTree>
                        </eTree>
                      </eTree>
                    </eTree>
                  </eTree>
                </eTree>
              </eTree>
            </forest>
          </figure>
        </p>
      </div>
    </body>
  </text>
</TEI>
